I0331 19:33:28.227785   24976 load.go:31] Reloading schema and connectors...
I0331 19:33:28.384101   24976 control.go:100] [projects/emulator/locations/emulator/services/puzzlesaursos a4a2] UpdateResources(): done
Main schema: sources: schema\schema.gql [890B] 
Connector "default": sources: connector\queries.gql [879B] connector\mutations.gql [1120B] 
I0331 19:33:28.532964   24976 codegen.go:102] [connector "default" javascriptSdk] Generating sources into "C:\\Users\\sebko\\Desktop\\01 Web Projects\\Puzzlesaursos\\lib\\dataconnect"
I0331 19:33:28.916765   24976 collector.go:107] schema extensions wrote into "C:\\Users\\sebko\\Desktop\\01 Web Projects\\Puzzlesaursos\\dataconnect\\.dataconnect\\schema"
Generated sources: main\implicit.gql [259B] main\input.gql [27068B] main\relation.gql [13749B] prelude.gql [80888B] main\query.gql [2626B] main\mutation.gql [6945B] 
I0331 19:33:28.933289   24976 collector.go:107] connector "default" javascriptSdk wrote into "C:\\Users\\sebko\\Desktop\\01 Web Projects\\Puzzlesaursos\\lib\\dataconnect"
Generated sources: index.d.ts [5546B] index.cjs.js [2870B] .guides/config.json [236B] esm\index.esm.js [2509B] esm\package.json [17B] package.json [635B] README.md [29510B] .guides/usage.md [1306B] .guides/setup.md [582B] 
I0331 19:33:28.933289   24976 installsdk.go:138] generate.javascriptSdk.packageJsonDir is not specified, skipping automatic installation of package
I0331 19:33:28.944125   24976 load.go:109] Finished reloading
I0331 19:33:29.143730   24976 dev.go:104] Listening on address (HTTP + gRPC): 127.0.0.1:9399
I0331 19:33:29.149833   24976 dev.go:104] Listening on address (HTTP + gRPC): [::1]:9399
I0331 19:33:36.431192   24976 control.go:100] [projects/emulator/locations/emulator/services/puzzlesaursos 5352] UpdateResources(): done
Main schema: sources: schema\schema.gql [890B] 
Connector "default": sources: connector\mutations.gql [1120B] connector\queries.gql [879B] 
I0331 19:33:36.438063   24976 configure_emulator.go:21] ConfigureEmulator successed
Request: service_id: "puzzlesaursos"
connection_string: "postgres://127.0.0.1:5432/fdcdb?sslmode=disable"
database: "fdcdb"

Response: 
